<?xml version="1.0" encoding="UTF-8"?>
<!-- Generated by org.testng.reporters.JUnitXMLReporter -->
<testsuite ignored="0" hostname="DESKTOP-TAVNIOO" failures="0" tests="4" name="API Automation Test" time="20.536" errors="0" timestamp="2025-09-14T23:18:15 IST">
  <testcase classname="api.tests.gpt_and_notion.ChatGptTextGenerationTest" name="getPageListInDatabasesTest" time="4.178"/>
  <testcase classname="api.tests.gpt_and_notion.ChatGptTextGenerationTest" name="getPageContent" time="15.503"/>
  <testcase classname="api.tests.gpt_and_notion.ChatGptTextGenerationTest" name="chat_gptTextGenerationTest" time="0.001"/>
  <testcase classname="api.tests.gpt_and_notion.ChatGptTextGenerationTest" name="PatchContentToPage" time="0.002"/>
</testsuite> <!-- API Automation Test -->
