<?xml version="1.0" encoding="UTF-8"?>
<testng-results ignored="0" total="4" passed="4" failed="0" skipped="0">
  <reporter-output>
  </reporter-output>
  <suite started-at="2025-09-14T23:17:54 IST" name="API Automation Practice Test Suite" finished-at="2025-09-14T23:18:15 IST" duration-ms="20536">
    <groups>
    </groups>
    <test started-at="2025-09-14T23:17:54 IST" name="API Automation Test" finished-at="2025-09-14T23:18:15 IST" duration-ms="20536">
      <class name="api.tests.gpt_and_notion.ChatGptTextGenerationTest">
        <test-method is-config="true" signature="setup(java.lang.String,java.lang.String,java.lang.String)[pri:0, instance:api.tests.gpt_and_notion.ChatGptTextGenerationTest@1139b2f3]" started-at="2025-09-14T23:17:55 IST" name="setup" finished-at="2025-09-14T23:17:55 IST" duration-ms="9" status="PASS">
          <params>
            <param index="0">
              <value>
                <![CDATA[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]]>
              </value>
            </param>
            <param index="1">
              <value>
                <![CDATA[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]]>
              </value>
            </param>
            <param index="2">
              <value>
                <![CDATA[171913ec939681ebb75ad5b7f6464875]]>
              </value>
            </param>
          </params>
          <reporter-output>
          </reporter-output>
        </test-method> <!-- setup -->
        <test-method signature="getPageListInDatabasesTest()[pri:0, instance:api.tests.gpt_and_notion.ChatGptTextGenerationTest@1139b2f3]" started-at="2025-09-14T23:17:55 IST" name="getPageListInDatabasesTest" finished-at="2025-09-14T23:17:59 IST" duration-ms="4178" status="PASS">
          <reporter-output>
          </reporter-output>
        </test-method> <!-- getPageListInDatabasesTest -->
        <test-method signature="getPageContent()[pri:0, instance:api.tests.gpt_and_notion.ChatGptTextGenerationTest@1139b2f3]" started-at="2025-09-14T23:17:59 IST" name="getPageContent" finished-at="2025-09-14T23:18:15 IST" depends-on-methods="api.tests.gpt_and_notion.ChatGptTextGenerationTest.getPageListInDatabasesTest" duration-ms="15503" status="PASS">
          <reporter-output>
          </reporter-output>
        </test-method> <!-- getPageContent -->
        <test-method is-config="true" signature="setup(java.lang.String,java.lang.String,java.lang.String)[pri:0, instance:api.tests.gpt_and_notion.ChatGptTextGenerationTest@1139b2f3]" started-at="2025-09-14T23:17:59 IST" name="setup" finished-at="2025-09-14T23:17:59 IST" duration-ms="0" status="PASS">
          <params>
            <param index="0">
              <value>
                <![CDATA[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]]>
              </value>
            </param>
            <param index="1">
              <value>
                <![CDATA[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]]>
              </value>
            </param>
            <param index="2">
              <value>
                <![CDATA[171913ec939681ebb75ad5b7f6464875]]>
              </value>
            </param>
          </params>
          <reporter-output>
          </reporter-output>
        </test-method> <!-- setup -->
        <test-method is-config="true" signature="setup(java.lang.String,java.lang.String,java.lang.String)[pri:0, instance:api.tests.gpt_and_notion.ChatGptTextGenerationTest@1139b2f3]" started-at="2025-09-14T23:18:15 IST" name="setup" finished-at="2025-09-14T23:18:15 IST" duration-ms="1" status="PASS">
          <params>
            <param index="0">
              <value>
                <![CDATA[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]]>
              </value>
            </param>
            <param index="1">
              <value>
                <![CDATA[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]]>
              </value>
            </param>
            <param index="2">
              <value>
                <![CDATA[171913ec939681ebb75ad5b7f6464875]]>
              </value>
            </param>
          </params>
          <reporter-output>
          </reporter-output>
        </test-method> <!-- setup -->
        <test-method signature="chat_gptTextGenerationTest()[pri:0, instance:api.tests.gpt_and_notion.ChatGptTextGenerationTest@1139b2f3]" started-at="2025-09-14T23:18:15 IST" name="chat_gptTextGenerationTest" finished-at="2025-09-14T23:18:15 IST" depends-on-methods="api.tests.gpt_and_notion.ChatGptTextGenerationTest.getPageContent" duration-ms="1" status="PASS">
          <reporter-output>
          </reporter-output>
        </test-method> <!-- chat_gptTextGenerationTest -->
        <test-method signature="PatchContentToPage()[pri:0, instance:api.tests.gpt_and_notion.ChatGptTextGenerationTest@1139b2f3]" started-at="2025-09-14T23:18:15 IST" name="PatchContentToPage" finished-at="2025-09-14T23:18:15 IST" depends-on-methods="api.tests.gpt_and_notion.ChatGptTextGenerationTest.chat_gptTextGenerationTest" duration-ms="2" status="PASS">
          <reporter-output>
          </reporter-output>
        </test-method> <!-- PatchContentToPage -->
        <test-method is-config="true" signature="setup(java.lang.String,java.lang.String,java.lang.String)[pri:0, instance:api.tests.gpt_and_notion.ChatGptTextGenerationTest@1139b2f3]" started-at="2025-09-14T23:18:15 IST" name="setup" finished-at="2025-09-14T23:18:15 IST" duration-ms="0" status="PASS">
          <params>
            <param index="0">
              <value>
                <![CDATA[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]]>
              </value>
            </param>
            <param index="1">
              <value>
                <![CDATA[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]]>
              </value>
            </param>
            <param index="2">
              <value>
                <![CDATA[171913ec939681ebb75ad5b7f6464875]]>
              </value>
            </param>
          </params>
          <reporter-output>
          </reporter-output>
        </test-method> <!-- setup -->
      </class> <!-- api.tests.gpt_and_notion.ChatGptTextGenerationTest -->
    </test> <!-- API Automation Test -->
  </suite> <!-- API Automation Practice Test Suite -->
</testng-results>
