<?xml version="1.0" encoding="UTF-8"?>
<testsuite xmlns:xsi="http://www.w3.org/2001/XMLSchema-instance" xsi:noNamespaceSchemaLocation="https://maven.apache.org/surefire/maven-surefire-plugin/xsd/surefire-test-report.xsd" version="3.0.2" name="TestSuite" time="21.334" tests="4" errors="0" skipped="0" failures="0">
  <properties>
[...]
</properties>
  <testcase name="getPageListInDatabasesTest" classname="api.tests.gpt_and_notion.ChatGptTextGenerationTest" time="4.173">
    <system-out><![CDATA[2025-09-14 23:17:55 [main] INFO api.listners.TestListener::onStart::55  Test Suite Started 
2025-09-14 23:17:55 [TestNG-test-API Automation Test-1] INFO api.tests.gpt_and_notion.ChatGptTextGenerationTest::onTestStart::26  getPageListInDatabasesTest 
2025-09-14 23:17:55 [TestNG-test-API Automation Test-1] INFO api.tests.gpt_and_notion.ChatGptTextGenerationTest::onTestStart::27   
2025-09-14 23:17:55 [TestNG-test-API Automation Test-1] INFO api.tests.gpt_and_notion.ChatGptTextGenerationTest::onTestStart::28  [] 
2025-09-14 23:17:56 [TestNG-test-API Automation Test-1] INFO api.filters.LoggingAndReportingFilter::logAndReportRequest::26  URI : https://api.notion.com/v1/databases/171913ec939681ebb75ad5b7f6464875/query 
2025-09-14 23:17:56 [TestNG-test-API Automation Test-1] INFO api.filters.LoggingAndReportingFilter::logAndReportRequest::27  BASE URI:https://api.notion.com/v1 
2025-09-14 23:17:56 [TestNG-test-API Automation Test-1] INFO api.filters.LoggingAndReportingFilter::logAndReportRequest::28  Request Header:Authorization=Bearer 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
Notion-Version=2022-02-22
Accept=*/*
Content-Type=application/json 
2025-09-14 23:17:56 [TestNG-test-API Automation Test-1] INFO api.filters.LoggingAndReportingFilter::logAndReportRequest::29  Request PayLoad: 
2025-09-14 23:17:59 [TestNG-test-API Automation Test-1] INFO api.filters.LoggingAndReportingFilter::logAndReportResponse::36  STATUS CODE:200 
2025-09-14 23:17:59 [TestNG-test-API Automation Test-1] INFO api.filters.LoggingAndReportingFilter::logAndReportResponse::37  Response Header :Date=Sun, 14 Sep 2025 17:47:59 GMT
Content-Type=application/json; charset=utf-8
Transfer-Encoding=chunked
Connection=keep-alive
Server=cloudflare
CF-Ray=97f1b664ff814010-BOM
CF-Cache-Status=DYNAMIC
Content-Encoding=gzip
ETag=W/"3a77-iBbZdTxRCHLlcEV1gTFYFlsuKmE"
Strict-Transport-Security=max-age=31536000; includeSubDomains; preload
Vary=Accept-Encoding
content-security-policy=default-src 'none'
referrer-policy=strict-origin-when-cross-origin
x-content-type-options=nosniff
x-dns-prefetch-control=off
x-download-options=noopen
x-frame-options=SAMEORIGIN
x-notion-request-id=dfb8a723-f203-443e-a723-d2395a42731f
x-permitted-cross-domain-policies=none
x-xss-protection=0
Set-Cookie=__cf_bm=jqnrjH7wDRR.SprnqKp2.8UiOlA0.dHQp9kxDDMphXA-1757872079-1.0.1.1-eOgreTqxzW2onX0S_KHhxGfLuKJKAhHSmKmDYJN4JCYaamZSD0nezShW88cTFS6iawn.uYKtwHoAtAwqrSSbJNAnpY989GkwM2iRapGDPHw; path=/; expires=Sun, 14-Sep-25 18:17:59 GMT; domain=.notion.com; HttpOnly; Secure; SameSite=None
Set-Cookie=_cfuvid=msvSvzokiSVTt8ZVHa8nh07rbFZhgWvlE84oGRdKzWs-1757872079165-0.0.1.1-604800000; path=/; domain=.notion.com; HttpOnly; Secure; SameSite=None
alt-svc=h3=":443"; ma=86400 
{
    "object": "list",
    "results": [
        {
            "object": "page",
            "id": "26e913ec-9396-8012-a33f-e62dfe638480",
            "created_time": "2025-09-14T17:29:00.000Z",
            "last_edited_time": "2025-09-14T17:30:00.000Z",
            "created_by": {
                "object": "user",
                "id": "171d872b-594c-811a-beba-0002c67dcc3c"
            },
            "last_edited_by": {
                "object": "user",
                "id": "90f687af-13a5-4409-85b4-c3f7fceabe80"
            },
            "cover": null,
            "icon": null,
            "parent": {
                "type": "database_id",
                "database_id": "171913ec-9396-81eb-b75a-d5b7f6464875"
            },
            "archived": false,
            "in_trash": false,
            "is_locked": false,
            "properties": {
                "Name": {
                    "id": "title",
                    "type": "title",
                    "title": [
                        {
                            "type": "text",
                            "text": {
                                "content": "mongoDb",
                                "link": null
                            },
                            "annotations": {
                                "bold": false,
                                "italic": false,
                                "strikethrough": false,
                                "underline": false,
                                "code": false,
                                "color": "default"
                            },
                            "plain_text": "mongoDb",
                            "href": null
                        }
                    ]
                }
            },
            "url": "https://www.notion.so/mongoDb-26e913ec93968012a33fe62dfe638480",
            "public_url": null
        },
        {
            "object": "page",
            "id": "26e913ec-9396-80d6-a98b-eb02f0f548c2",
            "created_time": "2025-09-14T14:54:00.000Z",
            "last_edited_time": "2025-09-14T14:55:00.000Z",
            "created_by": {
                "object": "user",
                "id": "171d872b-594c-811a-beba-0002c67dcc3c"
            },
            "last_edited_by": {
                "object": "user",
                "id": "90f687af-13a5-4409-85b4-c3f7fceabe80"
            },
            "cover": null,
            "icon": null,
            "parent": {
                "type": "database_id",
                "database_id": "171913ec-9396-81eb-b75a-d5b7f6464875"
            },
            "archived": false,
            "in_trash": false,
            "is_locked": false,
            "properties": {
                "Name": {
                    "id": "title",
                    "type": "title",
                    "title": [
                        {
                            "type": "text",
                            "text": {
                                "content": "redis",
                                "link": null
                            },
                            "annotations": {
                                "bold": false,
                                "italic": false,
                                "strikethrough": false,
                                "underline": false,
                                "code": false,
                                "color": "default"
                            },
                            "plain_text": "redis",
                            "href": null
                        }
                    ]
                }
            },
            "url": "https://www.notion.so/redis-26e913ec939680d6a98beb02f0f548c2",
            "public_url": null
        },
        {
            "object": "page",
            "id": "26e913ec-9396-8090-9fb6-cdb4713bdd8a",
            "created_time": "2025-09-14T11:56:00.000Z",
            "last_edited_time": "2025-09-14T12:00:00.000Z",
            "created_by": {
                "object": "user",
                "id": "171d872b-594c-811a-beba-0002c67dcc3c"
            },
            "last_edited_by": {
                "object": "user",
                "id": "90f687af-13a5-4409-85b4-c3f7fceabe80"
            },
            "cover": null,
            "icon": null,
            "parent": {
                "type": "database_id",
                "database_id": "171913ec-9396-81eb-b75a-d5b7f6464875"
            },
            "archived": false,
            "in_trash": false,
            "is_locked": false,
            "properties": {
                "Name": {
                    "id": "title",
                    "type": "title",
                    "title": [
                        {
                            "type": "text",
                            "text": {
                                "content": "Agentic AI",
                                "link": null
                            },
                            "annotations": {
                                "bold": false,
                                "italic": false,
                                "strikethrough": false,
                                "underline": false,
                                "code": false,
                                "color": "default"
                            },
                            "plain_text": "Agentic AI",
                            "href": null
                        }
                    ]
                }
            },
            "url": "https://www.notion.so/Agentic-AI-26e913ec939680909fb6cdb4713bdd8a",
            "public_url": null
        },
        {
            "object": "page",
            "id": "26e913ec-9396-80cc-818f-feaa1e5944a4",
            "created_time": "2025-09-14T11:56:00.000Z",
            "last_edited_time": "2025-09-14T11:57:00.000Z",
            "created_by": {
                "object": "user",
                "id": "171d872b-594c-811a-beba-0002c67dcc3c"
            },
            "last_edited_by": {
                "object": "user",
                "id": "90f687af-13a5-4409-85b4-c3f7fceabe80"
            },
            "cover": null,
            "icon": null,
            "parent": {
                "type": "database_id",
                "database_id": "171913ec-9396-81eb-b75a-d5b7f6464875"
            },
            "archived": false,
            "in_trash": false,
            "is_locked": false,
            "properties": {
                "Name": {
                    "id": "title",
                    "type": "title",
                    "title": [
                        {
                            "type": "text",
                            "text": {
                                "content": "spark",
                                "link": null
                            },
                            "annotations": {
                                "bold": false,
                                "italic": false,
                                "strikethrough": false,
                                "underline": false,
                                "code": false,
                                "color": "default"
                            },
                            "plain_text": "spark",
                            "href": null
                        }
                    ]
                }
            },
            "url": "https://www.notion.so/spark-26e913ec939680cc818ffeaa1e5944a4",
            "public_url": null
        },
        {
            "object": "page",
            "id": "26e913ec-9396-8008-80de-cfd59d239808",
            "created_time": "2025-09-14T10:58:00.000Z",
            "last_edited_time": "2025-09-14T10:59:00.000Z",
            "created_by": {
                "object": "user",
                "id": "171d872b-594c-811a-beba-0002c67dcc3c"
            },
            "last_edited_by": {
                "object": "user",
                "id": "90f687af-13a5-4409-85b4-c3f7fceabe80"
            },
            "cover": null,
            "icon": null,
            "parent": {
                "type": "database_id",
                "database_id": "171913ec-9396-81eb-b75a-d5b7f6464875"
            },
            "archived": false,
            "in_trash": false,
            "is_locked": false,
            "properties": {
                "Name": {
                    "id": "title",
                    "type": "title",
                    "title": [
                        {
                            "type": "text",
                            "text": {
                                "content": "solana",
                                "link": null
                            },
                            "annotations": {
                                "bold": false,
                                "italic": false,
                                "strikethrough": false,
                                "underline": false,
                                "code": false,
                                "color": "default"
                            },
                            "plain_text": "solana",
                            "href": null
                        }
                    ]
                }
            },
            "url": "https://www.notion.so/solana-26e913ec9396800880decfd59d239808",
            "public_url": null
        },
        {
            "object": "page",
            "id": "26e913ec-9396-802a-87b8-f4bf66275933",
            "created_time": "2025-09-14T07:52:00.000Z",
            "last_edited_time": "2025-09-14T10:50:00.000Z",
            "created_by": {
                "object": "user",
                "id": "171d872b-594c-811a-beba-0002c67dcc3c"
            },
            "last_edited_by": {
                "object": "user",
                "id": "90f687af-13a5-4409-85b4-c3f7fceabe80"
            },
            "cover": null,
            "icon": null,
            "parent": {
                "type": "database_id",
                "database_id": "171913ec-9396-81eb-b75a-d5b7f6464875"
            },
            "archived": false,
            "in_trash": false,
            "is_locked": false,
            "properties": {
                "Name": {
                    "id": "title",
                    "type": "title",
                    "title": [
                        {
                            "type": "text",
                            "text": {
                                "content": "kafka",
                                "link": null
                            },
                            "annotations": {
                                "bold": false,
                                "italic": false,
                                "strikethrough": false,
                                "underline": false,
                                "code": false,
                                "color": "default"
                            },
                            "plain_text": "kafka",
                            "href": null
                        }
                    ]
                }
            },
            "url": "https://www.notion.so/kafka-26e913ec9396802a87b8f4bf66275933",
            "public_url": null
        },
        {
            "object": "page",
            "id": "26d913ec-9396-807d-89d9-ed5f66071915",
            "created_time": "2025-09-13T23:10:00.000Z",
            "last_edited_time": "2025-09-14T07:07:00.000Z",
            "created_by": {
                "object": "user",
                "id": "171d872b-594c-811a-beba-0002c67dcc3c"
            },
            "last_edited_by": {
                "object": "user",
                "id": "90f687af-13a5-4409-85b4-c3f7fceabe80"
            },
            "cover": null,
            "icon": null,
            "parent": {
                "type": "database_id",
                "database_id": "171913ec-9396-81eb-b75a-d5b7f6464875"
            },
            "archived": false,
            "in_trash": false,
            "is_locked": false,
            "properties": {
                "Name": {
                    "id": "title",
                    "type": "title",
                    "title": [
                        {
                            "type": "text",
                            "text": {
                                "content": "Junit",
                                "link": null
                            },
                            "annotations": {
                                "bold": false,
                                "italic": false,
                                "strikethrough": false,
                                "underline": false,
                                "code": false,
                                "color": "default"
                            },
                            "plain_text": "Junit",
                            "href": null
                        }
                    ]
                }
            },
            "url": "https://www.notion.so/Junit-26d913ec9396807d89d9ed5f66071915",
            "public_url": null
        },
        {
            "object": "page",
            "id": "26d913ec-9396-809d-bac3-c7326b191b2e",
            "created_time": "2025-09-13T23:07:00.000Z",
            "last_edited_time": "2025-09-14T07:00:00.000Z",
            "created_by": {
                "object": "user",
                "id": "171d872b-594c-811a-beba-0002c67dcc3c"
            },
            "last_edited_by": {
                "object": "user",
                "id": "90f687af-13a5-4409-85b4-c3f7fceabe80"
            },
            "cover": null,
            "icon": null,
            "parent": {
                "type": "database_id",
                "database_id": "171913ec-9396-81eb-b75a-d5b7f6464875"
            },
            "archived": false,
            "in_trash": false,
            "is_locked": false,
            "properties": {
                "Name": {
                    "id": "title",
                    "type": "title",
                    "title": [
                        {
                            "type": "text",
                            "text": {
                                "content": "Pandas",
                                "link": null
                            },
                            "annotations": {
                                "bold": false,
                                "italic": false,
                                "strikethrough": false,
                                "underline": false,
                                "code": false,
                                "color": "default"
                            },
                            "plain_text": "Pandas",
                            "href": null
                        }
                    ]
                }
            },
            "url": "https://www.notion.so/Pandas-26d913ec9396809dbac3c7326b191b2e",
            "public_url": null
        },
        {
            "object": "page",
            "id": "180913ec-9396-80a1-94d2-ef2438be8f08",
            "created_time": "2025-01-19T09:19:00.000Z",
            "last_edited_time": "2025-01-19T09:24:00.000Z",
            "created_by": {
                "object": "user",
                "id": "171d872b-594c-811a-beba-0002c67dcc3c"
            },
            "last_edited_by": {
                "object": "user",
                "id": "90f687af-13a5-4409-85b4-c3f7fceabe80"
            },
            "cover": null,
            "icon": null,
            "parent": {
                "type": "database_id",
                "database_id": "171913ec-9396-81eb-b75a-d5b7f6464875"
            },
            "archived": false,
            "in_trash": false,
            "is_locked": false,
            "properties": {
                "Name": {
                    "id": "title",
                    "type": "title",
                    "title": [
                        {
                            "type": "text",
                            "text": {
                                "content": "Blockchain",
                                "link": null
                            },
                            "annotations": {
                                "bold": false,
                                "italic": false,
                                "strikethrough": false,
                                "underline": false,
                                "code": false,
                                "color": "default"
                            },
                            "plain_text": "Blockchain",
                            "href": null
                        }
                    ]
                }
            },
            "url": "https://www.notion.so/Blockchain-180913ec939680a194d2ef2438be8f08",
            "public_url": null
        },
        {
            "object": "page",
            "id": "17f913ec-9396-800d-97ab-e7ee2ceb0dc8",
            "created_time": "2025-01-18T09:07:00.000Z",
            "last_edited_time": "2025-01-18T09:08:00.000Z",
            "created_by": {
                "object": "user",
                "id": "171d872b-594c-811a-beba-0002c67dcc3c"
            },
            "last_edited_by": {
                "object": "user",
                "id": "90f687af-13a5-4409-85b4-c3f7fceabe80"
            },
            "cover": null,
            "icon": null,
            "parent": {
                "type": "database_id",
                "database_id": "171913ec-9396-81eb-b75a-d5b7f6464875"
            },
            "archived": false,
            "in_trash": false,
            "is_locked": false,
            "properties": {
                "Name": {
                    "id": "title",
                    "type": "title",
                    "title": [
                        {
                            "type": "text",
                            "text": {
                                "content": "RestAssured",
                                "link": null
                            },
                            "annotations": {
                                "bold": false,
                                "italic": false,
                                "strikethrough": false,
                                "underline": false,
                                "code": false,
                                "color": "default"
                            },
                            "plain_text": "RestAssured",
                            "href": null
                        }
                    ]
                }
            },
            "url": "https://www.notion.so/RestAssured-17f913ec9396800d97abe7ee2ceb0dc8",
            "public_url": null
        },
        {
            "object": "page",
            "id": "179913ec-9396-8074-87d9-e7632487f14a",
            "created_time": "2025-01-12T17:15:00.000Z",
            "last_edited_time": "2025-01-12T17:16:00.000Z",
            "created_by": {
                "object": "user",
                "id": "171d872b-594c-811a-beba-0002c67dcc3c"
            },
            "last_edited_by": {
                "object": "user",
                "id": "90f687af-13a5-4409-85b4-c3f7fceabe80"
            },
            "cover": null,
            "icon": null,
            "parent": {
                "type": "database_id",
                "database_id": "171913ec-9396-81eb-b75a-d5b7f6464875"
            },
            "archived": false,
            "in_trash": false,
            "is_locked": false,
            "properties": {
                "Name": {
                    "id": "title",
                    "type": "title",
                    "title": [
                        {
                            "type": "text",
                            "text": {
                                "content": "GoLang",
                                "link": null
                            },
                            "annotations": {
                                "bold": false,
                                "italic": false,
                                "strikethrough": false,
                                "underline": false,
                                "code": false,
                                "color": "default"
                            },
                            "plain_text": "GoLang",
                            "href": null
                        }
                    ]
                }
            },
            "url": "https://www.notion.so/GoLang-179913ec9396807487d9e7632487f14a",
            "public_url": null
        },
        {
            "object": "page",
            "id": "179913ec-9396-80f5-9504-e478610a33b5",
            "created_time": "2025-01-12T17:14:00.000Z",
            "last_edited_time": "2025-01-12T17:17:00.000Z",
            "created_by": {
                "object": "user",
                "id": "171d872b-594c-811a-beba-0002c67dcc3c"
            },
            "last_edited_by": {
                "object": "user",
                "id": "90f687af-13a5-4409-85b4-c3f7fceabe80"
            },
            "cover": null,
            "icon": null,
            "parent": {
                "type": "database_id",
                "database_id": "171913ec-9396-81eb-b75a-d5b7f6464875"
            },
            "archived": false,
            "in_trash": false,
            "is_locked": false,
            "properties": {
                "Name": {
                    "id": "title",
                    "type": "title",
                    "title": [
                        {
                            "type": "text",
                            "text": {
                                "content": "React19",
                                "link": null
                            },
                            "annotations": {
                                "bold": false,
                                "italic": false,
                                "strikethrough": false,
                                "underline": false,
                                "code": false,
                                "color": "default"
                            },
                            "plain_text": "React19",
                            "href": null
                        }
                    ]
                }
            },
            "url": "https://www.notion.so/React19-179913ec939680f59504e478610a33b5",
            "public_url": null
        },
        {
            "object": "page",
            "id": "178913ec-9396-8016-94e4-c03e49df7924",
            "created_time": "2025-01-11T14:50:00.000Z",
            "last_edited_time": "2025-01-11T14:51:00.000Z",
            "created_by": {
                "object": "user",
                "id": "171d872b-594c-811a-beba-0002c67dcc3c"
            },
            "last_edited_by": {
                "object": "user",
                "id": "90f687af-13a5-4409-85b4-c3f7fceabe80"
            },
            "cover": null,
            "icon": null,
            "parent": {
                "type": "database_id",
                "database_id": "171913ec-9396-81eb-b75a-d5b7f6464875"
            },
            "archived": false,
            "in_trash": false,
            "is_locked": false,
            "properties": {
                "Name": {
                    "id": "title",
                    "type": "title",
                    "title": [
                        {
                            "type": "text",
                            "text": {
                                "content": "DEVOPS",
                                "link": null
                            },
                            "annotations": {
                                "bold": false,
                                "italic": false,
                                "strikethrough": false,
                                "underline": false,
                                "code": false,
                                "color": "default"
                            },
                            "plain_text": "DEVOPS",
                            "href": null
                        }
                    ]
                }
            },
            "url": "https://www.notion.so/DEVOPS-178913ec9396801694e4c03e49df7924",
            "public_url": null
        },
        {
            "object": "page",
            "id": "178913ec-9396-8097-8be0-cb72f54187d8",
            "created_time": "2025-01-11T14:42:00.000Z",
            "last_edited_time": "2025-01-11T14:50:00.000Z",
            "created_by": {
                "object": "user",
                "id": "171d872b-594c-811a-beba-0002c67dcc3c"
            },
            "last_edited_by": {
                "object": "user",
                "id": "90f687af-13a5-4409-85b4-c3f7fceabe80"
            },
            "cover": null,
            "icon": null,
            "parent": {
                "type": "database_id",
                "database_id": "171913ec-9396-81eb-b75a-d5b7f6464875"
            },
            "archived": false,
            "in_trash": false,
            "is_locked": false,
            "properties": {
                "Name": {
                    "id": "title",
                    "type": "title",
                    "title": [
                        {
                            "type": "text",
                            "text": {
                                "content": "BigData",
                                "link": null
                            },
                            "annotations": {
                                "bold": false,
                                "italic": false,
                                "strikethrough": false,
                                "underline": false,
                                "code": false,
                                "color": "default"
                            },
                            "plain_text": "BigData",
                            "href": null
                        }
                    ]
                }
            },
            "url": "https://www.notion.so/BigData-178913ec939680978be0cb72f54187d8",
            "public_url": null
        },
        {
            "object": "page",
            "id": "178913ec-9396-80ad-b656-d1278b7c4554",
            "created_time": "2025-01-11T14:26:00.000Z",
            "last_edited_time": "2025-01-11T14:35:00.000Z",
            "created_by": {
                "object": "user",
                "id": "171d872b-594c-811a-beba-0002c67dcc3c"
            },
            "last_edited_by": {
                "object": "user",
                "id": "90f687af-13a5-4409-85b4-c3f7fceabe80"
            },
            "cover": null,
            "icon": null,
            "parent": {
                "type": "database_id",
                "database_id": "171913ec-9396-81eb-b75a-d5b7f6464875"
            },
            "archived": false,
            "in_trash": false,
            "is_locked": false,
            "properties": {
                "Name": {
                    "id": "title",
                    "type": "title",
                    "title": [
                        {
                            "type": "text",
                            "text": {
                                "content": "TestNg",
                                "link": null
                            },
                            "annotations": {
                                "bold": false,
                                "italic": false,
                                "strikethrough": false,
                                "underline": false,
                                "code": false,
                                "color": "default"
                            },
                            "plain_text": "TestNg",
                            "href": null
                        }
                    ]
                }
            },
            "url": "https://www.notion.so/TestNg-178913ec939680adb656d1278b7c4554",
            "public_url": null
        },
        {
            "object": "page",
            "id": "178913ec-9396-80f3-8013-f28b42e81e5f",
            "created_time": "2025-01-11T10:26:00.000Z",
            "last_edited_time": "2025-01-11T14:02:00.000Z",
            "created_by": {
                "object": "user",
                "id": "171d872b-594c-811a-beba-0002c67dcc3c"
            },
            "last_edited_by": {
                "object": "user",
                "id": "171d872b-594c-811a-beba-0002c67dcc3c"
            },
            "cover": null,
            "icon": null,
            "parent": {
                "type": "database_id",
                "database_id": "171913ec-9396-81eb-b75a-d5b7f6464875"
            },
            "archived": false,
            "in_trash": false,
            "is_locked": false,
            "properties": {
                "Name": {
                    "id": "title",
                    "type": "title",
                    "title": [
                        {
                            "type": "text",
                            "text": {
                                "content": "css",
                                "link": null
                            },
                            "annotations": {
                                "bold": false,
                                "italic": false,
                                "strikethrough": false,
                                "underline": false,
                                "code": false,
                                "color": "default"
                            },
                            "plain_text": "css",
                            "href": null
                        }
                    ]
                }
            },
            "url": "https://www.notion.so/css-178913ec939680f38013f28b42e81e5f",
            "public_url": null
        },
        {
            "object": "page",
            "id": "178913ec-9396-80f6-b338-c13fd764b8b6",
            "created_time": "2025-01-11T10:05:00.000Z",
            "last_edited_time": "2025-01-11T14:21:00.000Z",
            "created_by": {
                "object": "user",
                "id": "171d872b-594c-811a-beba-0002c67dcc3c"
            },
            "last_edited_by": {
                "object": "user",
                "id": "90f687af-13a5-4409-85b4-c3f7fceabe80"
            },
            "cover": null,
            "icon": null,
            "parent": {
                "type": "database_id",
                "database_id": "171913ec-9396-81eb-b75a-d5b7f6464875"
            },
            "archived": false,
            "in_trash": false,
            "is_locked": false,
            "properties": {
                "Name": {
                    "id": "title",
                    "type": "title",
                    "title": [
                        {
                            "type": "text",
                            "text": {
                                "content": "Figma",
                                "link": null
                            },
                            "annotations": {
                                "bold": false,
                                "italic": false,
                                "strikethrough": false,
                                "underline": false,
                                "code": false,
                                "color": "default"
                            },
                            "plain_text": "Figma",
                            "href": null
                        }
                    ]
                }
            },
            "url": "https://www.notion.so/Figma-178913ec939680f6b338c13fd764b8b6",
            "public_url": null
        },
        {
            "object": "page",
            "id": "178913ec-9396-8008-81b9-e3c4c394a5ee",
            "created_time": "2025-01-11T10:04:00.000Z",
            "last_edited_time": "2025-01-11T10:26:00.000Z",
            "created_by": {
                "object": "user",
                "id": "171d872b-594c-811a-beba-0002c67dcc3c"
            },
            "last_edited_by": {
                "object": "user",
                "id": "171d872b-594c-811a-beba-0002c67dcc3c"
            },
            "cover": null,
            "icon": null,
            "parent": {
                "type": "database_id",
                "database_id": "171913ec-9396-81eb-b75a-d5b7f6464875"
            },
            "archived": false,
            "in_trash": false,
            "is_locked": false,
            "properties": {
                "Name": {
                    "id": "title",
                    "type": "title",
                    "title": [
                        {
                            "type": "text",
                            "text": {
                                "content": "NodeJS",
                                "link": null
                            },
                            "annotations": {
                                "bold": false,
                                "italic": false,
                                "strikethrough": false,
                                "underline": false,
                                "code": false,
                                "color": "default"
                            },
                            "plain_text": "NodeJS",
                            "href": null
                        }
                    ]
                }
            },
            "url": "https://www.notion.so/NodeJS-178913ec9396800881b9e3c4c394a5ee",
            "public_url": null
        }
    ],
    "next_cursor": null,
    "has_more": false,
    "type": "page_or_database",
    "page_or_database": {
        
    },
    "request_id": "dfb8a723-f203-443e-a723-d2395a42731f"
}
2025-09-14 23:17:59 [TestNG-test-API Automation Test-1] INFO api.filters.LoggingAndReportingFilter::logAndReportResponse::38  Request Body:{
    "object": "list",
    "results": [
        {
            "object": "page",
            "id": "26e913ec-9396-8012-a33f-e62dfe638480",
            "created_time": "2025-09-14T17:29:00.000Z",
            "last_edited_time": "2025-09-14T17:30:00.000Z",
            "created_by": {
                "object": "user",
                "id": "171d872b-594c-811a-beba-0002c67dcc3c"
            },
            "last_edited_by": {
                "object": "user",
                "id": "90f687af-13a5-4409-85b4-c3f7fceabe80"
            },
            "cover": null,
            "icon": null,
            "parent": {
                "type": "database_id",
                "database_id": "171913ec-9396-81eb-b75a-d5b7f6464875"
            },
            "archived": false,
            "in_trash": false,
            "is_locked": false,
            "properties": {
                "Name": {
                    "id": "title",
                    "type": "title",
                    "title": [
                        {
                            "type": "text",
                            "text": {
                                "content": "mongoDb",
                                "link": null
                            },
                            "annotations": {
                                "bold": false,
                                "italic": false,
                                "strikethrough": false,
                                "underline": false,
                                "code": false,
                                "color": "default"
                            },
                            "plain_text": "mongoDb",
                            "href": null
                        }
                    ]
                }
            },
            "url": "https://www.notion.so/mongoDb-26e913ec93968012a33fe62dfe638480",
            "public_url": null
        },
        {
            "object": "page",
            "id": "26e913ec-9396-80d6-a98b-eb02f0f548c2",
            "created_time": "2025-09-14T14:54:00.000Z",
            "last_edited_time": "2025-09-14T14:55:00.000Z",
            "created_by": {
                "object": "user",
                "id": "171d872b-594c-811a-beba-0002c67dcc3c"
            },
            "last_edited_by": {
                "object": "user",
                "id": "90f687af-13a5-4409-85b4-c3f7fceabe80"
            },
            "cover": null,
            "icon": null,
            "parent": {
                "type": "database_id",
                "database_id": "171913ec-9396-81eb-b75a-d5b7f6464875"
            },
            "archived": false,
            "in_trash": false,
            "is_locked": false,
            "properties": {
                "Name": {
                    "id": "title",
                    "type": "title",
                    "title": [
                        {
                            "type": "text",
                            "text": {
                                "content": "redis",
                                "link": null
                            },
                            "annotations": {
                                "bold": false,
                                "italic": false,
                                "strikethrough": false,
                                "underline": false,
                                "code": false,
                                "color": "default"
                            },
                            "plain_text": "redis",
                            "href": null
                        }
                    ]
                }
            },
            "url": "https://www.notion.so/redis-26e913ec939680d6a98beb02f0f548c2",
            "public_url": null
        },
        {
            "object": "page",
            "id": "26e913ec-9396-8090-9fb6-cdb4713bdd8a",
            "created_time": "2025-09-14T11:56:00.000Z",
            "last_edited_time": "2025-09-14T12:00:00.000Z",
            "created_by": {
                "object": "user",
                "id": "171d872b-594c-811a-beba-0002c67dcc3c"
            },
            "last_edited_by": {
                "object": "user",
                "id": "90f687af-13a5-4409-85b4-c3f7fceabe80"
            },
            "cover": null,
            "icon": null,
            "parent": {
                "type": "database_id",
                "database_id": "171913ec-9396-81eb-b75a-d5b7f6464875"
            },
            "archived": false,
            "in_trash": false,
            "is_locked": false,
            "properties": {
                "Name": {
                    "id": "title",
                    "type": "title",
                    "title": [
                        {
                            "type": "text",
                            "text": {
                                "content": "Agentic AI",
                                "link": null
                            },
                            "annotations": {
                                "bold": false,
                                "italic": false,
                                "strikethrough": false,
                                "underline": false,
                                "code": false,
                                "color": "default"
                            },
                            "plain_text": "Agentic AI",
                            "href": null
                        }
                    ]
                }
            },
            "url": "https://www.notion.so/Agentic-AI-26e913ec939680909fb6cdb4713bdd8a",
            "public_url": null
        },
        {
            "object": "page",
            "id": "26e913ec-9396-80cc-818f-feaa1e5944a4",
            "created_time": "2025-09-14T11:56:00.000Z",
            "last_edited_time": "2025-09-14T11:57:00.000Z",
            "created_by": {
                "object": "user",
                "id": "171d872b-594c-811a-beba-0002c67dcc3c"
            },
            "last_edited_by": {
                "object": "user",
                "id": "90f687af-13a5-4409-85b4-c3f7fceabe80"
            },
            "cover": null,
            "icon": null,
            "parent": {
                "type": "database_id",
                "database_id": "171913ec-9396-81eb-b75a-d5b7f6464875"
            },
            "archived": false,
            "in_trash": false,
            "is_locked": false,
            "properties": {
                "Name": {
                    "id": "title",
                    "type": "title",
                    "title": [
                        {
                            "type": "text",
                            "text": {
                                "content": "spark",
                                "link": null
                            },
                            "annotations": {
                                "bold": false,
                                "italic": false,
                                "strikethrough": false,
                                "underline": false,
                                "code": false,
                                "color": "default"
                            },
                            "plain_text": "spark",
                            "href": null
                        }
                    ]
                }
            },
            "url": "https://www.notion.so/spark-26e913ec939680cc818ffeaa1e5944a4",
            "public_url": null
        },
        {
            "object": "page",
            "id": "26e913ec-9396-8008-80de-cfd59d239808",
            "created_time": "2025-09-14T10:58:00.000Z",
            "last_edited_time": "2025-09-14T10:59:00.000Z",
            "created_by": {
                "object": "user",
                "id": "171d872b-594c-811a-beba-0002c67dcc3c"
            },
            "last_edited_by": {
                "object": "user",
                "id": "90f687af-13a5-4409-85b4-c3f7fceabe80"
            },
            "cover": null,
            "icon": null,
            "parent": {
                "type": "database_id",
                "database_id": "171913ec-9396-81eb-b75a-d5b7f6464875"
            },
            "archived": false,
            "in_trash": false,
            "is_locked": false,
            "properties": {
                "Name": {
                    "id": "title",
                    "type": "title",
                    "title": [
                        {
                            "type": "text",
                            "text": {
                                "content": "solana",
                                "link": null
                            },
                            "annotations": {
                                "bold": false,
                                "italic": false,
                                "strikethrough": false,
                                "underline": false,
                                "code": false,
                                "color": "default"
                            },
                            "plain_text": "solana",
                            "href": null
                        }
                    ]
                }
            },
            "url": "https://www.notion.so/solana-26e913ec9396800880decfd59d239808",
            "public_url": null
        },
        {
            "object": "page",
            "id": "26e913ec-9396-802a-87b8-f4bf66275933",
            "created_time": "2025-09-14T07:52:00.000Z",
            "last_edited_time": "2025-09-14T10:50:00.000Z",
            "created_by": {
                "object": "user",
                "id": "171d872b-594c-811a-beba-0002c67dcc3c"
            },
            "last_edited_by": {
                "object": "user",
                "id": "90f687af-13a5-4409-85b4-c3f7fceabe80"
            },
            "cover": null,
            "icon": null,
            "parent": {
                "type": "database_id",
                "database_id": "171913ec-9396-81eb-b75a-d5b7f6464875"
            },
            "archived": false,
            "in_trash": false,
            "is_locked": false,
            "properties": {
                "Name": {
                    "id": "title",
                    "type": "title",
                    "title": [
                        {
                            "type": "text",
                            "text": {
                                "content": "kafka",
                                "link": null
                            },
                            "annotations": {
                                "bold": false,
                                "italic": false,
                                "strikethrough": false,
                                "underline": false,
                                "code": false,
                                "color": "default"
                            },
                            "plain_text": "kafka",
                            "href": null
                        }
                    ]
                }
            },
            "url": "https://www.notion.so/kafka-26e913ec9396802a87b8f4bf66275933",
            "public_url": null
        },
        {
            "object": "page",
            "id": "26d913ec-9396-807d-89d9-ed5f66071915",
            "created_time": "2025-09-13T23:10:00.000Z",
            "last_edited_time": "2025-09-14T07:07:00.000Z",
            "created_by": {
                "object": "user",
                "id": "171d872b-594c-811a-beba-0002c67dcc3c"
            },
            "last_edited_by": {
                "object": "user",
                "id": "90f687af-13a5-4409-85b4-c3f7fceabe80"
            },
            "cover": null,
            "icon": null,
            "parent": {
                "type": "database_id",
                "database_id": "171913ec-9396-81eb-b75a-d5b7f6464875"
            },
            "archived": false,
            "in_trash": false,
            "is_locked": false,
            "properties": {
                "Name": {
                    "id": "title",
                    "type": "title",
                    "title": [
                        {
                            "type": "text",
                            "text": {
                                "content": "Junit",
                                "link": null
                            },
                            "annotations": {
                                "bold": false,
                                "italic": false,
                                "strikethrough": false,
                                "underline": false,
                                "code": false,
                                "color": "default"
                            },
                            "plain_text": "Junit",
                            "href": null
                        }
                    ]
                }
            },
            "url": "https://www.notion.so/Junit-26d913ec9396807d89d9ed5f66071915",
            "public_url": null
        },
        {
            "object": "page",
            "id": "26d913ec-9396-809d-bac3-c7326b191b2e",
            "created_time": "2025-09-13T23:07:00.000Z",
            "last_edited_time": "2025-09-14T07:00:00.000Z",
            "created_by": {
                "object": "user",
                "id": "171d872b-594c-811a-beba-0002c67dcc3c"
            },
            "last_edited_by": {
                "object": "user",
                "id": "90f687af-13a5-4409-85b4-c3f7fceabe80"
            },
            "cover": null,
            "icon": null,
            "parent": {
                "type": "database_id",
                "database_id": "171913ec-9396-81eb-b75a-d5b7f6464875"
            },
            "archived": false,
            "in_trash": false,
            "is_locked": false,
            "properties": {
                "Name": {
                    "id": "title",
                    "type": "title",
                    "title": [
                        {
                            "type": "text",
                            "text": {
                                "content": "Pandas",
                                "link": null
                            },
                            "annotations": {
                                "bold": false,
                                "italic": false,
                                "strikethrough": false,
                                "underline": false,
                                "code": false,
                                "color": "default"
                            },
                            "plain_text": "Pandas",
                            "href": null
                        }
                    ]
                }
            },
            "url": "https://www.notion.so/Pandas-26d913ec9396809dbac3c7326b191b2e",
            "public_url": null
        },
        {
            "object": "page",
            "id": "180913ec-9396-80a1-94d2-ef2438be8f08",
            "created_time": "2025-01-19T09:19:00.000Z",
            "last_edited_time": "2025-01-19T09:24:00.000Z",
            "created_by": {
                "object": "user",
                "id": "171d872b-594c-811a-beba-0002c67dcc3c"
            },
            "last_edited_by": {
                "object": "user",
                "id": "90f687af-13a5-4409-85b4-c3f7fceabe80"
            },
            "cover": null,
            "icon": null,
            "parent": {
                "type": "database_id",
                "database_id": "171913ec-9396-81eb-b75a-d5b7f6464875"
            },
            "archived": false,
            "in_trash": false,
            "is_locked": false,
            "properties": {
                "Name": {
                    "id": "title",
                    "type": "title",
                    "title": [
                        {
                            "type": "text",
                            "text": {
                                "content": "Blockchain",
                                "link": null
                            },
                            "annotations": {
                                "bold": false,
                                "italic": false,
                                "strikethrough": false,
                                "underline": false,
                                "code": false,
                                "color": "default"
                            },
                            "plain_text": "Blockchain",
                            "href": null
                        }
                    ]
                }
            },
            "url": "https://www.notion.so/Blockchain-180913ec939680a194d2ef2438be8f08",
            "public_url": null
        },
        {
            "object": "page",
            "id": "17f913ec-9396-800d-97ab-e7ee2ceb0dc8",
            "created_time": "2025-01-18T09:07:00.000Z",
            "last_edited_time": "2025-01-18T09:08:00.000Z",
            "created_by": {
                "object": "user",
                "id": "171d872b-594c-811a-beba-0002c67dcc3c"
            },
            "last_edited_by": {
                "object": "user",
                "id": "90f687af-13a5-4409-85b4-c3f7fceabe80"
            },
            "cover": null,
            "icon": null,
            "parent": {
                "type": "database_id",
                "database_id": "171913ec-9396-81eb-b75a-d5b7f6464875"
            },
            "archived": false,
            "in_trash": false,
            "is_locked": false,
            "properties": {
                "Name": {
                    "id": "title",
                    "type": "title",
                    "title": [
                        {
                            "type": "text",
                            "text": {
                                "content": "RestAssured",
                                "link": null
                            },
                            "annotations": {
                                "bold": false,
                                "italic": false,
                                "strikethrough": false,
                                "underline": false,
                                "code": false,
                                "color": "default"
                            },
                            "plain_text": "RestAssured",
                            "href": null
                        }
                    ]
                }
            },
            "url": "https://www.notion.so/RestAssured-17f913ec9396800d97abe7ee2ceb0dc8",
            "public_url": null
        },
        {
            "object": "page",
            "id": "179913ec-9396-8074-87d9-e7632487f14a",
            "created_time": "2025-01-12T17:15:00.000Z",
            "last_edited_time": "2025-01-12T17:16:00.000Z",
            "created_by": {
                "object": "user",
                "id": "171d872b-594c-811a-beba-0002c67dcc3c"
            },
            "last_edited_by": {
                "object": "user",
                "id": "90f687af-13a5-4409-85b4-c3f7fceabe80"
            },
            "cover": null,
            "icon": null,
            "parent": {
                "type": "database_id",
                "database_id": "171913ec-9396-81eb-b75a-d5b7f6464875"
            },
            "archived": false,
            "in_trash": false,
            "is_locked": false,
            "properties": {
                "Name": {
                    "id": "title",
                    "type": "title",
                    "title": [
                        {
                            "type": "text",
                            "text": {
                                "content": "GoLang",
                                "link": null
                            },
                            "annotations": {
                                "bold": false,
                                "italic": false,
                                "strikethrough": false,
                                "underline": false,
                                "code": false,
                                "color": "default"
                            },
                            "plain_text": "GoLang",
                            "href": null
                        }
                    ]
                }
            },
            "url": "https://www.notion.so/GoLang-179913ec9396807487d9e7632487f14a",
            "public_url": null
        },
        {
            "object": "page",
            "id": "179913ec-9396-80f5-9504-e478610a33b5",
            "created_time": "2025-01-12T17:14:00.000Z",
            "last_edited_time": "2025-01-12T17:17:00.000Z",
            "created_by": {
                "object": "user",
                "id": "171d872b-594c-811a-beba-0002c67dcc3c"
            },
            "last_edited_by": {
                "object": "user",
                "id": "90f687af-13a5-4409-85b4-c3f7fceabe80"
            },
            "cover": null,
            "icon": null,
            "parent": {
                "type": "database_id",
                "database_id": "171913ec-9396-81eb-b75a-d5b7f6464875"
            },
            "archived": false,
            "in_trash": false,
            "is_locked": false,
            "properties": {
                "Name": {
                    "id": "title",
                    "type": "title",
                    "title": [
                        {
                            "type": "text",
                            "text": {
                                "content": "React19",
                                "link": null
                            },
                            "annotations": {
                                "bold": false,
                                "italic": false,
                                "strikethrough": false,
                                "underline": false,
                                "code": false,
                                "color": "default"
                            },
                            "plain_text": "React19",
                            "href": null
                        }
                    ]
                }
            },
            "url": "https://www.notion.so/React19-179913ec939680f59504e478610a33b5",
            "public_url": null
        },
        {
            "object": "page",
            "id": "178913ec-9396-8016-94e4-c03e49df7924",
            "created_time": "2025-01-11T14:50:00.000Z",
            "last_edited_time": "2025-01-11T14:51:00.000Z",
            "created_by": {
                "object": "user",
                "id": "171d872b-594c-811a-beba-0002c67dcc3c"
            },
            "last_edited_by": {
                "object": "user",
                "id": "90f687af-13a5-4409-85b4-c3f7fceabe80"
            },
            "cover": null,
            "icon": null,
            "parent": {
                "type": "database_id",
                "database_id": "171913ec-9396-81eb-b75a-d5b7f6464875"
            },
            "archived": false,
            "in_trash": false,
            "is_locked": false,
            "properties": {
                "Name": {
                    "id": "title",
                    "type": "title",
                    "title": [
                        {
                            "type": "text",
                            "text": {
                                "content": "DEVOPS",
                                "link": null
                            },
                            "annotations": {
                                "bold": false,
                                "italic": false,
                                "strikethrough": false,
                                "underline": false,
                                "code": false,
                                "color": "default"
                            },
                            "plain_text": "DEVOPS",
                            "href": null
                        }
                    ]
                }
            },
            "url": "https://www.notion.so/DEVOPS-178913ec9396801694e4c03e49df7924",
            "public_url": null
        },
        {
            "object": "page",
            "id": "178913ec-9396-8097-8be0-cb72f54187d8",
            "created_time": "2025-01-11T14:42:00.000Z",
            "last_edited_time": "2025-01-11T14:50:00.000Z",
            "created_by": {
                "object": "user",
                "id": "171d872b-594c-811a-beba-0002c67dcc3c"
            },
            "last_edited_by": {
                "object": "user",
                "id": "90f687af-13a5-4409-85b4-c3f7fceabe80"
            },
            "cover": null,
            "icon": null,
            "parent": {
                "type": "database_id",
                "database_id": "171913ec-9396-81eb-b75a-d5b7f6464875"
            },
            "archived": false,
            "in_trash": false,
            "is_locked": false,
            "properties": {
                "Name": {
                    "id": "title",
                    "type": "title",
                    "title": [
                        {
                            "type": "text",
                            "text": {
                                "content": "BigData",
                                "link": null
                            },
                            "annotations": {
                                "bold": false,
                                "italic": false,
                                "strikethrough": false,
                                "underline": false,
                                "code": false,
                                "color": "default"
                            },
                            "plain_text": "BigData",
                            "href": null
                        }
                    ]
                }
            },
            "url": "https://www.notion.so/BigData-178913ec939680978be0cb72f54187d8",
            "public_url": null
        },
        {
            "object": "page",
            "id": "178913ec-9396-80ad-b656-d1278b7c4554",
            "created_time": "2025-01-11T14:26:00.000Z",
            "last_edited_time": "2025-01-11T14:35:00.000Z",
            "created_by": {
                "object": "user",
                "id": "171d872b-594c-811a-beba-0002c67dcc3c"
            },
            "last_edited_by": {
                "object": "user",
                "id": "90f687af-13a5-4409-85b4-c3f7fceabe80"
            },
            "cover": null,
            "icon": null,
            "parent": {
                "type": "database_id",
                "database_id": "171913ec-9396-81eb-b75a-d5b7f6464875"
            },
            "archived": false,
            "in_trash": false,
            "is_locked": false,
            "properties": {
                "Name": {
                    "id": "title",
                    "type": "title",
                    "title": [
                        {
                            "type": "text",
                            "text": {
                                "content": "TestNg",
                                "link": null
                            },
                            "annotations": {
                                "bold": false,
                                "italic": false,
                                "strikethrough": false,
                                "underline": false,
                                "code": false,
                                "color": "default"
                            },
                            "plain_text": "TestNg",
                            "href": null
                        }
                    ]
                }
            },
            "url": "https://www.notion.so/TestNg-178913ec939680adb656d1278b7c4554",
            "public_url": null
        },
        {
            "object": "page",
            "id": "178913ec-9396-80f3-8013-f28b42e81e5f",
            "created_time": "2025-01-11T10:26:00.000Z",
            "last_edited_time": "2025-01-11T14:02:00.000Z",
            "created_by": {
                "object": "user",
                "id": "171d872b-594c-811a-beba-0002c67dcc3c"
            },
            "last_edited_by": {
                "object": "user",
                "id": "171d872b-594c-811a-beba-0002c67dcc3c"
            },
            "cover": null,
            "icon": null,
            "parent": {
                "type": "database_id",
                "database_id": "171913ec-9396-81eb-b75a-d5b7f6464875"
            },
            "archived": false,
            "in_trash": false,
            "is_locked": false,
            "properties": {
                "Name": {
                    "id": "title",
                    "type": "title",
                    "title": [
                        {
                            "type": "text",
                            "text": {
                                "content": "css",
                                "link": null
                            },
                            "annotations": {
                                "bold": false,
                                "italic": false,
                                "strikethrough": false,
                                "underline": false,
                                "code": false,
                                "color": "default"
                            },
                            "plain_text": "css",
                            "href": null
                        }
                    ]
                }
            },
            "url": "https://www.notion.so/css-178913ec939680f38013f28b42e81e5f",
            "public_url": null
        },
        {
            "object": "page",
            "id": "178913ec-9396-80f6-b338-c13fd764b8b6",
            "created_time": "2025-01-11T10:05:00.000Z",
            "last_edited_time": "2025-01-11T14:21:00.000Z",
            "created_by": {
                "object": "user",
                "id": "171d872b-594c-811a-beba-0002c67dcc3c"
            },
            "last_edited_by": {
                "object": "user",
                "id": "90f687af-13a5-4409-85b4-c3f7fceabe80"
            },
            "cover": null,
            "icon": null,
            "parent": {
                "type": "database_id",
                "database_id": "171913ec-9396-81eb-b75a-d5b7f6464875"
            },
            "archived": false,
            "in_trash": false,
            "is_locked": false,
            "properties": {
                "Name": {
                    "id": "title",
                    "type": "title",
                    "title": [
                        {
                            "type": "text",
                            "text": {
                                "content": "Figma",
                                "link": null
                            },
                            "annotations": {
                                "bold": false,
                                "italic": false,
                                "strikethrough": false,
                                "underline": false,
                                "code": false,
                                "color": "default"
                            },
                            "plain_text": "Figma",
                            "href": null
                        }
                    ]
                }
            },
            "url": "https://www.notion.so/Figma-178913ec939680f6b338c13fd764b8b6",
            "public_url": null
        },
        {
            "object": "page",
            "id": "178913ec-9396-8008-81b9-e3c4c394a5ee",
            "created_time": "2025-01-11T10:04:00.000Z",
            "last_edited_time": "2025-01-11T10:26:00.000Z",
            "created_by": {
                "object": "user",
                "id": "171d872b-594c-811a-beba-0002c67dcc3c"
            },
            "last_edited_by": {
                "object": "user",
                "id": "171d872b-594c-811a-beba-0002c67dcc3c"
            },
            "cover": null,
            "icon": null,
            "parent": {
                "type": "database_id",
                "database_id": "171913ec-9396-81eb-b75a-d5b7f6464875"
            },
            "archived": false,
            "in_trash": false,
            "is_locked": false,
            "properties": {
                "Name": {
                    "id": "title",
                    "type": "title",
                    "title": [
                        {
                            "type": "text",
                            "text": {
                                "content": "NodeJS",
                                "link": null
                            },
                            "annotations": {
                                "bold": false,
                                "italic": false,
                                "strikethrough": false,
                                "underline": false,
                                "code": false,
                                "color": "default"
                            },
                            "plain_text": "NodeJS",
                            "href": null
                        }
                    ]
                }
            },
            "url": "https://www.notion.so/NodeJS-178913ec9396800881b9e3c4c394a5ee",
            "public_url": null
        }
    ],
    "next_cursor": null,
    "has_more": false,
    "type": "page_or_database",
    "page_or_database": {
        
    },
    "request_id": "dfb8a723-f203-443e-a723-d2395a42731f"
} 
{
    "object": "list",
    "results": [
        {
            "object": "page",
            "id": "26e913ec-9396-8012-a33f-e62dfe638480",
            "created_time": "2025-09-14T17:29:00.000Z",
            "last_edited_time": "2025-09-14T17:30:00.000Z",
            "created_by": {
                "object": "user",
                "id": "171d872b-594c-811a-beba-0002c67dcc3c"
            },
            "last_edited_by": {
                "object": "user",
                "id": "90f687af-13a5-4409-85b4-c3f7fceabe80"
            },
            "cover": null,
            "icon": null,
            "parent": {
                "type": "database_id",
                "database_id": "171913ec-9396-81eb-b75a-d5b7f6464875"
            },
            "archived": false,
            "in_trash": false,
            "is_locked": false,
            "properties": {
                "Name": {
                    "id": "title",
                    "type": "title",
                    "title": [
                        {
                            "type": "text",
                            "text": {
                                "content": "mongoDb",
                                "link": null
                            },
                            "annotations": {
                                "bold": false,
                                "italic": false,
                                "strikethrough": false,
                                "underline": false,
                                "code": false,
                                "color": "default"
                            },
                            "plain_text": "mongoDb",
                            "href": null
                        }
                    ]
                }
            },
            "url": "https://www.notion.so/mongoDb-26e913ec93968012a33fe62dfe638480",
            "public_url": null
        },
        {
            "object": "page",
            "id": "26e913ec-9396-80d6-a98b-eb02f0f548c2",
            "created_time": "2025-09-14T14:54:00.000Z",
            "last_edited_time": "2025-09-14T14:55:00.000Z",
            "created_by": {
                "object": "user",
                "id": "171d872b-594c-811a-beba-0002c67dcc3c"
            },
            "last_edited_by": {
                "object": "user",
                "id": "90f687af-13a5-4409-85b4-c3f7fceabe80"
            },
            "cover": null,
            "icon": null,
            "parent": {
                "type": "database_id",
                "database_id": "171913ec-9396-81eb-b75a-d5b7f6464875"
            },
            "archived": false,
            "in_trash": false,
            "is_locked": false,
            "properties": {
                "Name": {
                    "id": "title",
                    "type": "title",
                    "title": [
                        {
                            "type": "text",
                            "text": {
                                "content": "redis",
                                "link": null
                            },
                            "annotations": {
                                "bold": false,
                                "italic": false,
                                "strikethrough": false,
                                "underline": false,
                                "code": false,
                                "color": "default"
                            },
                            "plain_text": "redis",
                            "href": null
                        }
                    ]
                }
            },
            "url": "https://www.notion.so/redis-26e913ec939680d6a98beb02f0f548c2",
            "public_url": null
        },
        {
            "object": "page",
            "id": "26e913ec-9396-8090-9fb6-cdb4713bdd8a",
            "created_time": "2025-09-14T11:56:00.000Z",
            "last_edited_time": "2025-09-14T12:00:00.000Z",
            "created_by": {
                "object": "user",
                "id": "171d872b-594c-811a-beba-0002c67dcc3c"
            },
            "last_edited_by": {
                "object": "user",
                "id": "90f687af-13a5-4409-85b4-c3f7fceabe80"
            },
            "cover": null,
            "icon": null,
            "parent": {
                "type": "database_id",
                "database_id": "171913ec-9396-81eb-b75a-d5b7f6464875"
            },
            "archived": false,
            "in_trash": false,
            "is_locked": false,
            "properties": {
                "Name": {
                    "id": "title",
                    "type": "title",
                    "title": [
                        {
                            "type": "text",
                            "text": {
                                "content": "Agentic AI",
                                "link": null
                            },
                            "annotations": {
                                "bold": false,
                                "italic": false,
                                "strikethrough": false,
                                "underline": false,
                                "code": false,
                                "color": "default"
                            },
                            "plain_text": "Agentic AI",
                            "href": null
                        }
                    ]
                }
            },
            "url": "https://www.notion.so/Agentic-AI-26e913ec939680909fb6cdb4713bdd8a",
            "public_url": null
        },
        {
            "object": "page",
            "id": "26e913ec-9396-80cc-818f-feaa1e5944a4",
            "created_time": "2025-09-14T11:56:00.000Z",
            "last_edited_time": "2025-09-14T11:57:00.000Z",
            "created_by": {
                "object": "user",
                "id": "171d872b-594c-811a-beba-0002c67dcc3c"
            },
            "last_edited_by": {
                "object": "user",
                "id": "90f687af-13a5-4409-85b4-c3f7fceabe80"
            },
            "cover": null,
            "icon": null,
            "parent": {
                "type": "database_id",
                "database_id": "171913ec-9396-81eb-b75a-d5b7f6464875"
            },
            "archived": false,
            "in_trash": false,
            "is_locked": false,
            "properties": {
                "Name": {
                    "id": "title",
                    "type": "title",
                    "title": [
                        {
                            "type": "text",
                            "text": {
                                "content": "spark",
                                "link": null
                            },
                            "annotations": {
                                "bold": false,
                                "italic": false,
                                "strikethrough": false,
                                "underline": false,
                                "code": false,
                                "color": "default"
                            },
                            "plain_text": "spark",
                            "href": null
                        }
                    ]
                }
            },
            "url": "https://www.notion.so/spark-26e913ec939680cc818ffeaa1e5944a4",
            "public_url": null
        },
        {
            "object": "page",
            "id": "26e913ec-9396-8008-80de-cfd59d239808",
            "created_time": "2025-09-14T10:58:00.000Z",
            "last_edited_time": "2025-09-14T10:59:00.000Z",
            "created_by": {
                "object": "user",
                "id": "171d872b-594c-811a-beba-0002c67dcc3c"
            },
            "last_edited_by": {
                "object": "user",
                "id": "90f687af-13a5-4409-85b4-c3f7fceabe80"
            },
            "cover": null,
            "icon": null,
            "parent": {
                "type": "database_id",
                "database_id": "171913ec-9396-81eb-b75a-d5b7f6464875"
            },
            "archived": false,
            "in_trash": false,
            "is_locked": false,
            "properties": {
                "Name": {
                    "id": "title",
                    "type": "title",
                    "title": [
                        {
                            "type": "text",
                            "text": {
                                "content": "solana",
                                "link": null
                            },
                            "annotations": {
                                "bold": false,
                                "italic": false,
                                "strikethrough": false,
                                "underline": false,
                                "code": false,
                                "color": "default"
                            },
                            "plain_text": "solana",
[...]
	at groovy.lang.MetaClassImpl.invokeMethod(MetaClassImpl.java:792)
	at io.restassured.internal.RequestSpecificationImpl.invokeMethod(RequestSpecificationImpl.groovy)
	at org.codehaus.groovy.runtime.callsite.PogoInterceptableSite.call(PogoInterceptableSite.java:46)
	at org.codehaus.groovy.runtime.callsite.PogoInterceptableSite.callCurrent(PogoInterceptableSite.java:57)
	at org.codehaus.groovy.runtime.callsite.AbstractCallSite.callCurrent(AbstractCallSite.java:203)
	at io.restassured.internal.RequestSpecificationImpl.applyPathParamsAndSendRequest(RequestSpecificationImpl.groovy:1710)
	at io.restassured.internal.RequestSpecificationImpl.this$2$applyPathParamsAndSendRequest(RequestSpecificationImpl.groovy)
	at java.base/jdk.internal.reflect.DirectMethodHandleAccessor.invoke(DirectMethodHandleAccessor.java:104)
	at java.base/java.lang.reflect.Method.invoke(Method.java:577)
	at org.codehaus.groovy.reflection.CachedMethod.invoke(CachedMethod.java:343)
	at groovy.lang.MetaMethod.doMethodInvoke(MetaMethod.java:328)
	at groovy.lang.MetaClassImpl.doInvokeMethod(MetaClassImpl.java:1348)
	at groovy.lang.MetaClassImpl.invokeMethod(MetaClassImpl.java:1103)
	at groovy.lang.MetaClassImpl.invokeMethod(MetaClassImpl.java:1009)
	at groovy.lang.MetaClassImpl.invokeMethod(MetaClassImpl.java:792)
	at io.restassured.internal.RequestSpecificationImpl.invokeMethod(RequestSpecificationImpl.groovy)
	at org.codehaus.groovy.runtime.callsite.PogoInterceptableSite.call(PogoInterceptableSite.java:46)
	at org.codehaus.groovy.runtime.callsite.PogoInterceptableSite.callCurrent(PogoInterceptableSite.java:57)
	at org.codehaus.groovy.runtime.callsite.AbstractCallSite.callCurrent(AbstractCallSite.java:203)
	at io.restassured.internal.RequestSpecificationImpl.get(RequestSpecificationImpl.groovy:172)
	at io.restassured.internal.RequestSpecificationImpl.get(RequestSpecificationImpl.groovy)
	at api.services.notion.NotionBaseService.getRequest(NotionBaseService.java:25)
	at api.services.notion.BlockService.blocks(BlockService.java:10)
	at api.tests.gpt_and_notion.ChatGptTextGenerationTest.getPageContent(ChatGptTextGenerationTest.java:64)
	at java.base/jdk.internal.reflect.DirectMethodHandleAccessor.invoke(DirectMethodHandleAccessor.java:104)
	at java.base/java.lang.reflect.Method.invoke(Method.java:577)
	at org.testng.internal.invokers.MethodInvocationHelper.invokeMethod(MethodInvocationHelper.java:141)
	at org.testng.internal.invokers.TestInvoker.invokeMethod(TestInvoker.java:686)
	at org.testng.internal.invokers.TestInvoker.invokeTestMethod(TestInvoker.java:230)
	at org.testng.internal.invokers.MethodRunner.runInSequence(MethodRunner.java:63)
	at org.testng.internal.invokers.TestInvoker$MethodInvocationAgent.invoke(TestInvoker.java:992)
	at org.testng.internal.invokers.TestInvoker.invokeTestMethods(TestInvoker.java:203)
	at org.testng.internal.invokers.TestMethodWorker.invokeTestMethods(TestMethodWorker.java:154)
	at org.testng.internal.invokers.TestMethodWorker.run(TestMethodWorker.java:134)
	at java.base/java.util.concurrent.Executors$RunnableAdapter.call(Executors.java:539)
	at java.base/java.util.concurrent.FutureTask.run(FutureTask.java:264)
	at org.testng.internal.thread.graph.TestNGFutureTask.run(TestNGFutureTask.java:22)
	at java.base/java.util.concurrent.ThreadPoolExecutor.runWorker(ThreadPoolExecutor.java:1136)
	at java.base/java.util.concurrent.ThreadPoolExecutor$Worker.run(ThreadPoolExecutor.java:635)
	at java.base/java.lang.Thread.run(Thread.java:833)
Sep 14, 2025 11:18:14 PM freemarker.log._JULLoggerFactory$JULLogger error
SEVERE: Error executing FreeMarker template
FreeMarker template error:
The following has evaluated to null or missing:
==> c  [in template "codeblock.json.ftl" at line 6, column 86]

----
Tip: If the failing expression is known to legally refer to something that's sometimes null or missing, either specify a default value like myOptionalVar!myDefault, or use <#if myOptionalVar??>when-present<#else>when-missing</#if>. (These only cover the last step of the expression; to cover the whole expression, use parenthesis: (myOptionalVar.foo)!myDefault, (myOptionalVar.foo)??
----

----
FTL stack trace ("~" means nesting-related):
	- Failed at: ${c}  [in template "codeblock.json.ftl" at line 6, column 84]
----

Java stack trace (for programmers):
----
freemarker.core.InvalidReferenceException: [... Exception message was already printed; see it above ...]
	at freemarker.core.InvalidReferenceException.getInstance(InvalidReferenceException.java:134)
	at freemarker.core.EvalUtil.coerceModelToTextualCommon(EvalUtil.java:481)
	at freemarker.core.EvalUtil.coerceModelToStringOrMarkup(EvalUtil.java:401)
	at freemarker.core.EvalUtil.coerceModelToStringOrMarkup(EvalUtil.java:370)
	at freemarker.core.DollarVariable.calculateInterpolatedStringOrMarkup(DollarVariable.java:104)
	at freemarker.core.DollarVariable.accept(DollarVariable.java:63)
	at freemarker.core.Environment.visit(Environment.java:371)
	at freemarker.core.IteratorBlock$IterationContext.executedNestedContentForCollOrSeqListing(IteratorBlock.java:321)
	at freemarker.core.IteratorBlock$IterationContext.executeNestedContent(IteratorBlock.java:271)
	at freemarker.core.IteratorBlock$IterationContext.accept(IteratorBlock.java:244)
	at freemarker.core.Environment.visitIteratorBlock(Environment.java:645)
	at freemarker.core.IteratorBlock.acceptWithResult(IteratorBlock.java:108)
	at freemarker.core.IteratorBlock.accept(IteratorBlock.java:94)
	at freemarker.core.Environment.visit(Environment.java:335)
	at freemarker.core.Environment.visit(Environment.java:341)
	at freemarker.core.Environment.process(Environment.java:314)
	at freemarker.template.Template.process(Template.java:383)
	at com.aventstack.extentreports.templating.FreemarkerTemplate.processTemplate(FreemarkerTemplate.java:51)
	at com.aventstack.extentreports.templating.FreemarkerTemplate.getSource(FreemarkerTemplate.java:39)
	at com.aventstack.extentreports.markuputils.CodeBlock.getMarkup(CodeBlock.java:59)
	at com.aventstack.extentreports.ExtentTest.log(ExtentTest.java:484)
	at com.aventstack.extentreports.ExtentTest.info(ExtentTest.java:619)
	at utility.ExtentReporterUtility.logJson(ExtentReporterUtility.java:37)
	at api.filters.LoggingAndReportingFilter.logAndReportRequest(LoggingAndReportingFilter.java:33)
	at api.filters.LoggingAndReportingFilter.filter(LoggingAndReportingFilter.java:19)
	at io.restassured.filter.Filter$filter.call(Unknown Source)
	at org.codehaus.groovy.runtime.callsite.CallSiteArray.defaultCall(CallSiteArray.java:45)
	at io.restassured.filter.Filter$filter$0.call(Unknown Source)
	at io.restassured.internal.filter.FilterContextImpl.next(FilterContextImpl.groovy:72)
	at io.restassured.filter.FilterContext$next.call(Unknown Source)
	at io.restassured.internal.RequestSpecificationImpl.applyPathParamsAndSendRequest(RequestSpecificationImpl.groovy:1704)
	at io.restassured.internal.RequestSpecificationImpl.this$2$applyPathParamsAndSendRequest(RequestSpecificationImpl.groovy)
	at java.base/jdk.internal.reflect.DirectMethodHandleAccessor.invoke(DirectMethodHandleAccessor.java:104)
	at java.base/java.lang.reflect.Method.invoke(Method.java:577)
	at org.codehaus.groovy.reflection.CachedMethod.invoke(CachedMethod.java:343)
	at groovy.lang.MetaMethod.doMethodInvoke(MetaMethod.java:328)
	at groovy.lang.MetaClassImpl.doInvokeMethod(MetaClassImpl.java:1348)
	at groovy.lang.MetaClassImpl.invokeMethod(MetaClassImpl.java:1103)
	at groovy.lang.MetaClassImpl.invokeMethod(MetaClassImpl.java:1009)
	at groovy.lang.MetaClassImpl.invokeMethod(MetaClassImpl.java:792)
	at io.restassured.internal.RequestSpecificationImpl.invokeMethod(RequestSpecificationImpl.groovy)
	at org.codehaus.groovy.runtime.callsite.PogoInterceptableSite.call(PogoInterceptableSite.java:46)
	at org.codehaus.groovy.runtime.callsite.PogoInterceptableSite.callCurrent(PogoInterceptableSite.java:57)
	at org.codehaus.groovy.runtime.callsite.AbstractCallSite.callCurrent(AbstractCallSite.java:203)
	at io.restassured.internal.RequestSpecificationImpl.applyPathParamsAndSendRequest(RequestSpecificationImpl.groovy:1710)
	at io.restassured.internal.RequestSpecificationImpl.this$2$applyPathParamsAndSendRequest(RequestSpecificationImpl.groovy)
	at java.base/jdk.internal.reflect.DirectMethodHandleAccessor.invoke(DirectMethodHandleAccessor.java:104)
	at java.base/java.lang.reflect.Method.invoke(Method.java:577)
	at org.codehaus.groovy.reflection.CachedMethod.invoke(CachedMethod.java:343)
	at groovy.lang.MetaMethod.doMethodInvoke(MetaMethod.java:328)
	at groovy.lang.MetaClassImpl.doInvokeMethod(MetaClassImpl.java:1348)
	at groovy.lang.MetaClassImpl.invokeMethod(MetaClassImpl.java:1103)
	at groovy.lang.MetaClassImpl.invokeMethod(MetaClassImpl.java:1009)
	at groovy.lang.MetaClassImpl.invokeMethod(MetaClassImpl.java:792)
	at io.restassured.internal.RequestSpecificationImpl.invokeMethod(RequestSpecificationImpl.groovy)
	at org.codehaus.groovy.runtime.callsite.PogoInterceptableSite.call(PogoInterceptableSite.java:46)
	at org.codehaus.groovy.runtime.callsite.PogoInterceptableSite.callCurrent(PogoInterceptableSite.java:57)
	at org.codehaus.groovy.runtime.callsite.AbstractCallSite.callCurrent(AbstractCallSite.java:203)
	at io.restassured.internal.RequestSpecificationImpl.get(RequestSpecificationImpl.groovy:172)
	at io.restassured.internal.RequestSpecificationImpl.get(RequestSpecificationImpl.groovy)
	at api.services.notion.NotionBaseService.getRequest(NotionBaseService.java:25)
	at api.services.notion.BlockService.blocks(BlockService.java:10)
	at api.tests.gpt_and_notion.ChatGptTextGenerationTest.getPageContent(ChatGptTextGenerationTest.java:64)
	at java.base/jdk.internal.reflect.DirectMethodHandleAccessor.invoke(DirectMethodHandleAccessor.java:104)
	at java.base/java.lang.reflect.Method.invoke(Method.java:577)
	at org.testng.internal.invokers.MethodInvocationHelper.invokeMethod(MethodInvocationHelper.java:141)
	at org.testng.internal.invokers.TestInvoker.invokeMethod(TestInvoker.java:686)
	at org.testng.internal.invokers.TestInvoker.invokeTestMethod(TestInvoker.java:230)
	at org.testng.internal.invokers.MethodRunner.runInSequence(MethodRunner.java:63)
	at org.testng.internal.invokers.TestInvoker$MethodInvocationAgent.invoke(TestInvoker.java:992)
	at org.testng.internal.invokers.TestInvoker.invokeTestMethods(TestInvoker.java:203)
	at org.testng.internal.invokers.TestMethodWorker.invokeTestMethods(TestMethodWorker.java:154)
	at org.testng.internal.invokers.TestMethodWorker.run(TestMethodWorker.java:134)
	at java.base/java.util.concurrent.Executors$RunnableAdapter.call(Executors.java:539)
	at java.base/java.util.concurrent.FutureTask.run(FutureTask.java:264)
	at org.testng.internal.thread.graph.TestNGFutureTask.run(TestNGFutureTask.java:22)
	at java.base/java.util.concurrent.ThreadPoolExecutor.runWorker(ThreadPoolExecutor.java:1136)
	at java.base/java.util.concurrent.ThreadPoolExecutor$Worker.run(ThreadPoolExecutor.java:635)
	at java.base/java.lang.Thread.run(Thread.java:833)

FreeMarker template error:
The following has evaluated to null or missing:
==> c  [in template "codeblock.json.ftl" at line 6, column 86]

----
Tip: If the failing expression is known to legally refer to something that's sometimes null or missing, either specify a default value like myOptionalVar!myDefault, or use <#if myOptionalVar??>when-present<#else>when-missing</#if>. (These only cover the last step of the expression; to cover the whole expression, use parenthesis: (myOptionalVar.foo)!myDefault, (myOptionalVar.foo)??
----

----
FTL stack trace ("~" means nesting-related):
	- Failed at: ${c}  [in template "codeblock.json.ftl" at line 6, column 84]
----

Java stack trace (for programmers):
----
freemarker.core.InvalidReferenceException: [... Exception message was already printed; see it above ...]
	at freemarker.core.InvalidReferenceException.getInstance(InvalidReferenceException.java:134)
	at freemarker.core.EvalUtil.coerceModelToTextualCommon(EvalUtil.java:481)
	at freemarker.core.EvalUtil.coerceModelToStringOrMarkup(EvalUtil.java:401)
	at freemarker.core.EvalUtil.coerceModelToStringOrMarkup(EvalUtil.java:370)
	at freemarker.core.DollarVariable.calculateInterpolatedStringOrMarkup(DollarVariable.java:104)
	at freemarker.core.DollarVariable.accept(DollarVariable.java:63)
	at freemarker.core.Environment.visit(Environment.java:371)
	at freemarker.core.IteratorBlock$IterationContext.executedNestedContentForCollOrSeqListing(IteratorBlock.java:321)
	at freemarker.core.IteratorBlock$IterationContext.executeNestedContent(IteratorBlock.java:271)
	at freemarker.core.IteratorBlock$IterationContext.accept(IteratorBlock.java:244)
	at freemarker.core.Environment.visitIteratorBlock(Environment.java:645)
	at freemarker.core.IteratorBlock.acceptWithResult(IteratorBlock.java:108)
	at freemarker.core.IteratorBlock.accept(IteratorBlock.java:94)
	at freemarker.core.Environment.visit(Environment.java:335)
	at freemarker.core.Environment.visit(Environment.java:341)
	at freemarker.core.Environment.process(Environment.java:314)
	at freemarker.template.Template.process(Template.java:383)
	at com.aventstack.extentreports.templating.FreemarkerTemplate.processTemplate(FreemarkerTemplate.java:51)
	at com.aventstack.extentreports.templating.FreemarkerTemplate.getSource(FreemarkerTemplate.java:39)
	at com.aventstack.extentreports.markuputils.CodeBlock.getMarkup(CodeBlock.java:59)
	at com.aventstack.extentreports.ExtentTest.log(ExtentTest.java:484)
	at com.aventstack.extentreports.ExtentTest.info(ExtentTest.java:619)
	at utility.ExtentReporterUtility.logJson(ExtentReporterUtility.java:37)
	at api.filters.LoggingAndReportingFilter.logAndReportRequest(LoggingAndReportingFilter.java:33)
	at api.filters.LoggingAndReportingFilter.filter(LoggingAndReportingFilter.java:19)
	at io.restassured.filter.Filter$filter.call(Unknown Source)
	at org.codehaus.groovy.runtime.callsite.CallSiteArray.defaultCall(CallSiteArray.java:45)
	at io.restassured.filter.Filter$filter$0.call(Unknown Source)
	at io.restassured.internal.filter.FilterContextImpl.next(FilterContextImpl.groovy:72)
	at io.restassured.filter.FilterContext$next.call(Unknown Source)
	at io.restassured.internal.RequestSpecificationImpl.applyPathParamsAndSendRequest(RequestSpecificationImpl.groovy:1704)
	at io.restassured.internal.RequestSpecificationImpl.this$2$applyPathParamsAndSendRequest(RequestSpecificationImpl.groovy)
	at java.base/jdk.internal.reflect.DirectMethodHandleAccessor.invoke(DirectMethodHandleAccessor.java:104)
	at java.base/java.lang.reflect.Method.invoke(Method.java:577)
	at org.codehaus.groovy.reflection.CachedMethod.invoke(CachedMethod.java:343)
	at groovy.lang.MetaMethod.doMethodInvoke(MetaMethod.java:328)
	at groovy.lang.MetaClassImpl.doInvokeMethod(MetaClassImpl.java:1348)
	at groovy.lang.MetaClassImpl.invokeMethod(MetaClassImpl.java:1103)
	at groovy.lang.MetaClassImpl.invokeMethod(MetaClassImpl.java:1009)
	at groovy.lang.MetaClassImpl.invokeMethod(MetaClassImpl.java:792)
	at io.restassured.internal.RequestSpecificationImpl.invokeMethod(RequestSpecificationImpl.groovy)
	at org.codehaus.groovy.runtime.callsite.PogoInterceptableSite.call(PogoInterceptableSite.java:46)
	at org.codehaus.groovy.runtime.callsite.PogoInterceptableSite.callCurrent(PogoInterceptableSite.java:57)
	at org.codehaus.groovy.runtime.callsite.AbstractCallSite.callCurrent(AbstractCallSite.java:203)
	at io.restassured.internal.RequestSpecificationImpl.applyPathParamsAndSendRequest(RequestSpecificationImpl.groovy:1710)
	at io.restassured.internal.RequestSpecificationImpl.this$2$applyPathParamsAndSendRequest(RequestSpecificationImpl.groovy)
	at java.base/jdk.internal.reflect.DirectMethodHandleAccessor.invoke(DirectMethodHandleAccessor.java:104)
	at java.base/java.lang.reflect.Method.invoke(Method.java:577)
	at org.codehaus.groovy.reflection.CachedMethod.invoke(CachedMethod.java:343)
	at groovy.lang.MetaMethod.doMethodInvoke(MetaMethod.java:328)
	at groovy.lang.MetaClassImpl.doInvokeMethod(MetaClassImpl.java:1348)
	at groovy.lang.MetaClassImpl.invokeMethod(MetaClassImpl.java:1103)
	at groovy.lang.MetaClassImpl.invokeMethod(MetaClassImpl.java:1009)
	at groovy.lang.MetaClassImpl.invokeMethod(MetaClassImpl.java:792)
	at io.restassured.internal.RequestSpecificationImpl.invokeMethod(RequestSpecificationImpl.groovy)
	at org.codehaus.groovy.runtime.callsite.PogoInterceptableSite.call(PogoInterceptableSite.java:46)
	at org.codehaus.groovy.runtime.callsite.PogoInterceptableSite.callCurrent(PogoInterceptableSite.java:57)
	at org.codehaus.groovy.runtime.callsite.AbstractCallSite.callCurrent(AbstractCallSite.java:203)
	at io.restassured.internal.RequestSpecificationImpl.get(RequestSpecificationImpl.groovy:172)
	at io.restassured.internal.RequestSpecificationImpl.get(RequestSpecificationImpl.groovy)
	at api.services.notion.NotionBaseService.getRequest(NotionBaseService.java:25)
	at api.services.notion.BlockService.blocks(BlockService.java:10)
	at api.tests.gpt_and_notion.ChatGptTextGenerationTest.getPageContent(ChatGptTextGenerationTest.java:64)
	at java.base/jdk.internal.reflect.DirectMethodHandleAccessor.invoke(DirectMethodHandleAccessor.java:104)
	at java.base/java.lang.reflect.Method.invoke(Method.java:577)
	at org.testng.internal.invokers.MethodInvocationHelper.invokeMethod(MethodInvocationHelper.java:141)
	at org.testng.internal.invokers.TestInvoker.invokeMethod(TestInvoker.java:686)
	at org.testng.internal.invokers.TestInvoker.invokeTestMethod(TestInvoker.java:230)
	at org.testng.internal.invokers.MethodRunner.runInSequence(MethodRunner.java:63)
	at org.testng.internal.invokers.TestInvoker$MethodInvocationAgent.invoke(TestInvoker.java:992)
	at org.testng.internal.invokers.TestInvoker.invokeTestMethods(TestInvoker.java:203)
	at org.testng.internal.invokers.TestMethodWorker.invokeTestMethods(TestMethodWorker.java:154)
	at org.testng.internal.invokers.TestMethodWorker.run(TestMethodWorker.java:134)
	at java.base/java.util.concurrent.Executors$RunnableAdapter.call(Executors.java:539)
	at java.base/java.util.concurrent.FutureTask.run(FutureTask.java:264)
	at org.testng.internal.thread.graph.TestNGFutureTask.run(TestNGFutureTask.java:22)
	at java.base/java.util.concurrent.ThreadPoolExecutor.runWorker(ThreadPoolExecutor.java:1136)
	at java.base/java.util.concurrent.ThreadPoolExecutor$Worker.run(ThreadPoolExecutor.java:635)
	at java.base/java.lang.Thread.run(Thread.java:833)
]]></system-err>
  </testcase>
  <testcase name="chat_gptTextGenerationTest" classname="api.tests.gpt_and_notion.ChatGptTextGenerationTest" time="0.0">
    <system-out><![CDATA[2025-09-14 23:18:15 [TestNG-test-API Automation Test-2] INFO api.tests.gpt_and_notion.ChatGptTextGenerationTest::onTestSuccess::34  getPageContent PASSED 
2025-09-14 23:18:15 [TestNG-test-API Automation Test-3] INFO api.tests.gpt_and_notion.ChatGptTextGenerationTest::onTestStart::26  chat_gptTextGenerationTest 
2025-09-14 23:18:15 [TestNG-test-API Automation Test-3] INFO api.tests.gpt_and_notion.ChatGptTextGenerationTest::onTestStart::27   
2025-09-14 23:18:15 [TestNG-test-API Automation Test-3] INFO api.tests.gpt_and_notion.ChatGptTextGenerationTest::onTestStart::28  [] 
]]></system-out>
  </testcase>
  <testcase name="PatchContentToPage" classname="api.tests.gpt_and_notion.ChatGptTextGenerationTest" time="0.0">
    <system-out><![CDATA[2025-09-14 23:18:15 [TestNG-test-API Automation Test-3] INFO api.tests.gpt_and_notion.ChatGptTextGenerationTest::onTestSuccess::34  chat_gptTextGenerationTest PASSED 
2025-09-14 23:18:15 [TestNG-test-API Automation Test-4] INFO api.tests.gpt_and_notion.ChatGptTextGenerationTest::onTestStart::26  PatchContentToPage 
2025-09-14 23:18:15 [TestNG-test-API Automation Test-4] INFO api.tests.gpt_and_notion.ChatGptTextGenerationTest::onTestStart::27   
2025-09-14 23:18:15 [TestNG-test-API Automation Test-4] INFO api.tests.gpt_and_notion.ChatGptTextGenerationTest::onTestStart::28  [] 
]]></system-out>
  </testcase>
</testsuite>